<?xml version="1.0" encoding="UTF-8"?>
<!-- Generated by org.testng.reporters.JUnitXMLReporter -->
<testsuite ignored="0" hostname="KOZUBI" failures="0" tests="4" name="Command line test" time="17.416" errors="0" timestamp="2021-11-01T11:22:37 CET">
  <testcase classname="alerts.AlertTest" name="testAcceptAlert" time="0.566"/>
  <testcase classname="alerts.AlertTest" name="testGetTextFromAlert" time="0.497"/>
  <testcase classname="alerts.AlertTest" name="testSetInputInAlert" time="0.504"/>
  <testcase classname="alerts.ContextMenuTest" name="testContextMenu" time="0.506"/>
</testsuite> <!-- Command line test -->
