<?xml version="1.0" encoding="UTF-8" ?>
<testsuite tests="4" failures="0" name="TestSuite" time="2.08" errors="0" skipped="0">
  <properties>
[...]
</properties>
  <testcase classname="alerts.AlertTest" name="testAcceptAlert" time="0.57"/>
  <testcase classname="alerts.AlertTest" name="testGetTextFromAlert" time="0.498"/>
  <testcase classname="alerts.AlertTest" name="testSetInputInAlert" time="0.503"/>
  <testcase classname="alerts.ContextMenuTest" name="testContextMenu" time="0.509"/>
</testsuite>